[0m14:35:02.072635 [debug] [MainThread]: Sending event: {'category': 'dbt', 'action': 'invocation', 'label': 'start', 'context': [<snowplow_tracker.self_describing_json.SelfDescribingJson object at 0x0000022705C6AF90>, <snowplow_tracker.self_describing_json.SelfDescribingJson object at 0x0000022703B4C190>, <snowplow_tracker.self_describing_json.SelfDescribingJson object at 0x000002270697B750>]}


============================== 14:35:02.081852 | a57cbfa5-725c-4766-93bb-3bb505a147b1 ==============================
[0m14:35:02.081852 [info ] [MainThread]: Running with dbt=1.9.0
[0m14:35:02.082536 [debug] [MainThread]: running dbt with arguments {'printer_width': '80', 'indirect_selection': 'eager', 'write_json': 'True', 'log_cache_events': 'False', 'partial_parse': 'True', 'cache_selected_only': 'False', 'profiles_dir': 'C:\\Users\\Admin\\.dbt', 'debug': 'False', 'warn_error': 'None', 'log_path': 'logs', 'fail_fast': 'False', 'version_check': 'True', 'use_colors': 'True', 'use_experimental_parser': 'False', 'no_print': 'None', 'quiet': 'False', 'empty': 'None', 'log_format': 'default', 'static_parser': 'True', 'warn_error_options': 'WarnErrorOptions(include=[], exclude=[])', 'invocation_command': 'dbt init', 'target_path': 'None', 'introspect': 'True', 'send_anonymous_usage_stats': 'True'}
[0m14:35:21.860731 [debug] [MainThread]: Starter project path: C:\MyLittleDWH\venv\Lib\site-packages\dbt\include\starter_project
[0m14:35:21.879495 [info ] [MainThread]: 
Your new dbt project "little_dwh_tranformations" was created!

For more information on how to configure the profiles.yml file,
please consult the dbt documentation here:

  https://docs.getdbt.com/docs/configure-your-profile

One more thing:

Need help? Don't hesitate to reach out to us via GitHub issues or on Slack:

  https://community.getdbt.com/

Happy modeling!

[0m14:35:21.880501 [info ] [MainThread]: Setting up your profile.
[0m14:36:31.011827 [info ] [MainThread]: Profile little_dwh_tranformations written to C:\Users\Admin\.dbt\profiles.yml using target's profile_template.yml and your supplied values. Run 'dbt debug' to validate the connection.
[0m14:36:31.013285 [debug] [MainThread]: Command `dbt init` succeeded at 14:36:31.013102 after 89.09 seconds
[0m14:36:31.013603 [debug] [MainThread]: Sending event: {'category': 'dbt', 'action': 'invocation', 'label': 'end', 'context': [<snowplow_tracker.self_describing_json.SelfDescribingJson object at 0x0000022706F029E0>, <snowplow_tracker.self_describing_json.SelfDescribingJson object at 0x0000022706F0B0B0>, <snowplow_tracker.self_describing_json.SelfDescribingJson object at 0x0000022706CAFAC0>]}
[0m14:36:31.014038 [debug] [MainThread]: Flushing usage events
[0m14:36:31.790712 [debug] [MainThread]: An error was encountered while trying to flush usage events
[0m14:39:02.722936 [debug] [MainThread]: Sending event: {'category': 'dbt', 'action': 'invocation', 'label': 'start', 'context': [<snowplow_tracker.self_describing_json.SelfDescribingJson object at 0x000002197E5CAF90>, <snowplow_tracker.self_describing_json.SelfDescribingJson object at 0x000002197C4B4050>, <snowplow_tracker.self_describing_json.SelfDescribingJson object at 0x000002197F2CB610>]}


============================== 14:39:02.726923 | 20eafd46-9141-4340-8e8b-ce6cdce89004 ==============================
[0m14:39:02.726923 [info ] [MainThread]: Running with dbt=1.9.0
[0m14:39:02.727892 [debug] [MainThread]: running dbt with arguments {'printer_width': '80', 'indirect_selection': 'eager', 'write_json': 'True', 'log_cache_events': 'False', 'partial_parse': 'True', 'cache_selected_only': 'False', 'warn_error': 'None', 'debug': 'False', 'fail_fast': 'False', 'log_path': 'logs', 'version_check': 'True', 'profiles_dir': 'C:\\Users\\Admin\\.dbt', 'use_colors': 'True', 'use_experimental_parser': 'False', 'no_print': 'None', 'quiet': 'False', 'empty': 'None', 'warn_error_options': 'WarnErrorOptions(include=[], exclude=[])', 'introspect': 'True', 'log_format': 'default', 'invocation_command': 'dbt debug', 'target_path': 'None', 'static_parser': 'True', 'send_anonymous_usage_stats': 'True'}
[0m14:39:02.747701 [info ] [MainThread]: dbt version: 1.9.0
[0m14:39:02.748530 [info ] [MainThread]: python version: 3.13.12
[0m14:39:02.749342 [info ] [MainThread]: python path: C:\MyLittleDWH\venv\Scripts\python.exe
[0m14:39:02.749844 [info ] [MainThread]: os info: Windows-11-10.0.26200-SP0
[0m14:39:02.757232 [info ] [MainThread]: Error importing adapter: No module named 'dbt.adapters.bigquery'
[0m14:39:02.829535 [info ] [MainThread]: Using profiles dir at C:\Users\Admin\.dbt
[0m14:39:02.830346 [info ] [MainThread]: Using profiles.yml file at C:\Users\Admin\.dbt\profiles.yml
[0m14:39:02.830839 [info ] [MainThread]: Using dbt_project.yml file at C:\MyLittleDWH\dbt_project.yml
[0m14:39:02.831336 [info ] [MainThread]: Configuration:
[0m14:39:02.831771 [info ] [MainThread]:   profiles.yml file [[31mERROR invalid[0m]
[0m14:39:02.832181 [info ] [MainThread]:   dbt_project.yml file [[31mERROR not found[0m]
[0m14:39:02.832699 [info ] [MainThread]: Required dependencies:
[0m14:39:02.833167 [debug] [MainThread]: Executing "git --help"
[0m14:39:02.884205 [debug] [MainThread]: STDOUT: "b"usage: git [-v | --version] [-h | --help] [-C <path>] [-c <name>=<value>]\n           [--exec-path[=<path>]] [--html-path] [--man-path] [--info-path]\n           [-p | --paginate | -P | --no-pager] [--no-replace-objects] [--no-lazy-fetch]\n           [--no-optional-locks] [--no-advice] [--bare] [--git-dir=<path>]\n           [--work-tree=<path>] [--namespace=<name>] [--config-env=<name>=<envvar>]\n           <command> [<args>]\n\nThese are common Git commands used in various situations:\n\nstart a working area (see also: git help tutorial)\n   clone      Clone a repository into a new directory\n   init       Create an empty Git repository or reinitialize an existing one\n\nwork on the current change (see also: git help everyday)\n   add        Add file contents to the index\n   mv         Move or rename a file, a directory, or a symlink\n   restore    Restore working tree files\n   rm         Remove files from the working tree and from the index\n\nexamine the history and state (see also: git help revisions)\n   bisect     Use binary search to find the commit that introduced a bug\n   diff       Show changes between commits, commit and working tree, etc\n   grep       Print lines matching a pattern\n   log        Show commit logs\n   show       Show various types of objects\n   status     Show the working tree status\n\ngrow, mark and tweak your common history\n   backfill   Download missing objects in a partial clone\n   branch     List, create, or delete branches\n   commit     Record changes to the repository\n   merge      Join two or more development histories together\n   rebase     Reapply commits on top of another base tip\n   reset      Set `HEAD` or the index to a known state\n   switch     Switch branches\n   tag        Create, list, delete or verify tags\n\ncollaborate (see also: git help workflows)\n   fetch      Download objects and refs from another repository\n   pull       Fetch from and integrate with another repository or a local branch\n   push       Update remote refs along with associated objects\n\n'git help -a' and 'git help -g' list available subcommands and some\nconcept guides. See 'git help <command>' or 'git help <concept>'\nto read about a specific subcommand or concept.\nSee 'git help git' for an overview of the system.\n""
[0m14:39:02.884578 [debug] [MainThread]: STDERR: "b''"
[0m14:39:02.884871 [info ] [MainThread]:  - git [[32mOK found[0m]

[0m14:39:02.885446 [info ] [MainThread]: Connection test skipped since no profile was found
[0m14:39:02.886049 [info ] [MainThread]: [31m2 checks failed:[0m
[0m14:39:02.886581 [info ] [MainThread]: Could not load dbt_project.yml
Profile loading failed for the following reason:
Runtime Error
  Credentials in profile "jaffle_shop", target "dev" invalid: Runtime Error
    Could not find adapter type bigquery!


[0m14:39:02.887055 [info ] [MainThread]: Project loading failed for the following reason:
 project path <C:\MyLittleDWH\dbt_project.yml> not found

[0m14:39:02.888413 [debug] [MainThread]: Command `dbt debug` failed at 14:39:02.888257 after 0.30 seconds
[0m14:39:02.888715 [debug] [MainThread]: Sending event: {'category': 'dbt', 'action': 'invocation', 'label': 'end', 'context': [<snowplow_tracker.self_describing_json.SelfDescribingJson object at 0x000002197F857820>, <snowplow_tracker.self_describing_json.SelfDescribingJson object at 0x000002197F9CC5F0>, <snowplow_tracker.self_describing_json.SelfDescribingJson object at 0x000002197F83B130>]}
[0m14:39:02.889000 [debug] [MainThread]: Flushing usage events
[0m14:39:03.660397 [debug] [MainThread]: An error was encountered while trying to flush usage events
[0m14:42:51.714452 [debug] [MainThread]: Sending event: {'category': 'dbt', 'action': 'invocation', 'label': 'start', 'context': [<snowplow_tracker.self_describing_json.SelfDescribingJson object at 0x000001768D306F90>, <snowplow_tracker.self_describing_json.SelfDescribingJson object at 0x000001768B1FC190>, <snowplow_tracker.self_describing_json.SelfDescribingJson object at 0x000001768E00B750>]}


============================== 14:42:51.718220 | e1f33151-ba86-42ec-810c-8e5bf8aa1b63 ==============================
[0m14:42:51.718220 [info ] [MainThread]: Running with dbt=1.9.0
[0m14:42:51.718993 [debug] [MainThread]: running dbt with arguments {'printer_width': '80', 'indirect_selection': 'eager', 'log_cache_events': 'False', 'write_json': 'True', 'partial_parse': 'True', 'cache_selected_only': 'False', 'profiles_dir': 'C:\\Users\\Admin\\.dbt', 'fail_fast': 'False', 'warn_error': 'None', 'log_path': 'logs', 'debug': 'False', 'version_check': 'True', 'use_colors': 'True', 'use_experimental_parser': 'False', 'no_print': 'None', 'quiet': 'False', 'empty': 'None', 'log_format': 'default', 'invocation_command': 'dbt debug', 'warn_error_options': 'WarnErrorOptions(include=[], exclude=[])', 'introspect': 'True', 'target_path': 'None', 'static_parser': 'True', 'send_anonymous_usage_stats': 'True'}
[0m14:42:51.733509 [info ] [MainThread]: dbt version: 1.9.0
[0m14:42:51.734331 [info ] [MainThread]: python version: 3.13.12
[0m14:42:51.734730 [info ] [MainThread]: python path: C:\MyLittleDWH\venv\Scripts\python.exe
[0m14:42:51.735326 [info ] [MainThread]: os info: Windows-11-10.0.26200-SP0
[0m14:42:51.815917 [info ] [MainThread]: Using profiles dir at C:\Users\Admin\.dbt
[0m14:42:51.816622 [info ] [MainThread]: Using profiles.yml file at C:\Users\Admin\.dbt\profiles.yml
[0m14:42:51.817064 [info ] [MainThread]: Using dbt_project.yml file at C:\MyLittleDWH\dbt_project.yml
[0m14:42:51.818778 [info ] [MainThread]: adapter type: postgres
[0m14:42:51.819473 [info ] [MainThread]: adapter version: 1.9.0
[0m14:42:51.820068 [info ] [MainThread]: Configuration:
[0m14:42:51.820547 [info ] [MainThread]:   profiles.yml file [[32mOK found and valid[0m]
[0m14:42:51.821023 [info ] [MainThread]:   dbt_project.yml file [[31mERROR not found[0m]
[0m14:42:51.821572 [info ] [MainThread]: Required dependencies:
[0m14:42:51.822530 [debug] [MainThread]: Executing "git --help"
[0m14:42:51.875386 [debug] [MainThread]: STDOUT: "b"usage: git [-v | --version] [-h | --help] [-C <path>] [-c <name>=<value>]\n           [--exec-path[=<path>]] [--html-path] [--man-path] [--info-path]\n           [-p | --paginate | -P | --no-pager] [--no-replace-objects] [--no-lazy-fetch]\n           [--no-optional-locks] [--no-advice] [--bare] [--git-dir=<path>]\n           [--work-tree=<path>] [--namespace=<name>] [--config-env=<name>=<envvar>]\n           <command> [<args>]\n\nThese are common Git commands used in various situations:\n\nstart a working area (see also: git help tutorial)\n   clone      Clone a repository into a new directory\n   init       Create an empty Git repository or reinitialize an existing one\n\nwork on the current change (see also: git help everyday)\n   add        Add file contents to the index\n   mv         Move or rename a file, a directory, or a symlink\n   restore    Restore working tree files\n   rm         Remove files from the working tree and from the index\n\nexamine the history and state (see also: git help revisions)\n   bisect     Use binary search to find the commit that introduced a bug\n   diff       Show changes between commits, commit and working tree, etc\n   grep       Print lines matching a pattern\n   log        Show commit logs\n   show       Show various types of objects\n   status     Show the working tree status\n\ngrow, mark and tweak your common history\n   backfill   Download missing objects in a partial clone\n   branch     List, create, or delete branches\n   commit     Record changes to the repository\n   merge      Join two or more development histories together\n   rebase     Reapply commits on top of another base tip\n   reset      Set `HEAD` or the index to a known state\n   switch     Switch branches\n   tag        Create, list, delete or verify tags\n\ncollaborate (see also: git help workflows)\n   fetch      Download objects and refs from another repository\n   pull       Fetch from and integrate with another repository or a local branch\n   push       Update remote refs along with associated objects\n\n'git help -a' and 'git help -g' list available subcommands and some\nconcept guides. See 'git help <command>' or 'git help <concept>'\nto read about a specific subcommand or concept.\nSee 'git help git' for an overview of the system.\n""
[0m14:42:51.875823 [debug] [MainThread]: STDERR: "b''"
[0m14:42:51.876136 [info ] [MainThread]:  - git [[32mOK found[0m]

[0m14:42:51.876634 [info ] [MainThread]: Connection:
[0m14:42:51.877091 [info ] [MainThread]:   host: ollo
[0m14:42:51.877626 [info ] [MainThread]:   port: 5433
[0m14:42:51.878074 [info ] [MainThread]:   user: ollo
[0m14:42:51.878516 [info ] [MainThread]:   database: my-little-dwh
[0m14:42:51.878920 [info ] [MainThread]:   schema: vault
[0m14:42:51.879336 [info ] [MainThread]:   connect_timeout: 10
[0m14:42:51.879746 [info ] [MainThread]:   role: None
[0m14:42:51.880146 [info ] [MainThread]:   search_path: None
[0m14:42:51.880543 [info ] [MainThread]:   keepalives_idle: 0
[0m14:42:51.880939 [info ] [MainThread]:   sslmode: None
[0m14:42:51.881324 [info ] [MainThread]:   sslcert: None
[0m14:42:51.881739 [info ] [MainThread]:   sslkey: None
[0m14:42:51.882115 [info ] [MainThread]:   sslrootcert: None
[0m14:42:51.882392 [info ] [MainThread]:   application_name: dbt
[0m14:42:51.882731 [info ] [MainThread]:   retries: 1
[0m14:42:51.883388 [info ] [MainThread]: Registered adapter: postgres=1.9.0
[0m14:42:52.163922 [debug] [MainThread]: Acquiring new postgres connection 'debug'
[0m14:42:52.629605 [debug] [MainThread]: Using postgres connection "debug"
[0m14:42:52.629991 [debug] [MainThread]: On debug: select 1 as id
[0m14:42:52.630283 [debug] [MainThread]: Opening a new connection, currently in state init
[0m14:42:55.339273 [debug] [MainThread]: Postgres adapter: Got a retryable error when attempting to open a postgres connection.
1 attempts remaining. Retrying in 0 seconds.
Error:
could not translate host name "ollo" to address: Name or service not known

[0m14:42:58.037715 [debug] [MainThread]: Postgres adapter: Error running SQL: select 1 as id
[0m14:42:58.038090 [debug] [MainThread]: Postgres adapter: Rolling back transaction.
[0m14:42:58.038440 [debug] [MainThread]: On debug: No close available on handle
[0m14:42:58.038692 [info ] [MainThread]:   Connection test: [[31mERROR[0m]

[0m14:42:58.039364 [info ] [MainThread]: [31m2 checks failed:[0m
[0m14:42:58.040022 [info ] [MainThread]: Project loading failed for the following reason:
 project path <C:\MyLittleDWH\dbt_project.yml> not found

[0m14:42:58.040690 [info ] [MainThread]: dbt was unable to connect to the specified database.
The database returned the following error:

  >Database Error
  could not translate host name "ollo" to address: Name or service not known
  

Check your database credentials and try again. For more information, visit:
https://docs.getdbt.com/docs/configure-your-profile


[0m14:42:58.042336 [debug] [MainThread]: Command `dbt debug` failed at 14:42:58.042183 after 6.47 seconds
[0m14:42:58.042680 [debug] [MainThread]: Connection 'debug' was properly closed.
[0m14:42:58.043012 [debug] [MainThread]: Sending event: {'category': 'dbt', 'action': 'invocation', 'label': 'end', 'context': [<snowplow_tracker.self_describing_json.SelfDescribingJson object at 0x000001768F9F0D60>, <snowplow_tracker.self_describing_json.SelfDescribingJson object at 0x000001768F6D9D90>, <snowplow_tracker.self_describing_json.SelfDescribingJson object at 0x000001768E57BAC0>]}
[0m14:42:58.043387 [debug] [MainThread]: Flushing usage events
[0m14:42:58.815579 [debug] [MainThread]: An error was encountered while trying to flush usage events
[0m14:44:25.859939 [debug] [MainThread]: Sending event: {'category': 'dbt', 'action': 'invocation', 'label': 'start', 'context': [<snowplow_tracker.self_describing_json.SelfDescribingJson object at 0x000001F2437EEF90>, <snowplow_tracker.self_describing_json.SelfDescribingJson object at 0x000001F2416D4050>, <snowplow_tracker.self_describing_json.SelfDescribingJson object at 0x000001F2444FB610>]}


============================== 14:44:25.864377 | 06fab8f1-0895-4a00-8fcc-23c275ec4478 ==============================
[0m14:44:25.864377 [info ] [MainThread]: Running with dbt=1.9.0
[0m14:44:25.865022 [debug] [MainThread]: running dbt with arguments {'printer_width': '80', 'indirect_selection': 'eager', 'log_cache_events': 'False', 'write_json': 'True', 'partial_parse': 'True', 'cache_selected_only': 'False', 'warn_error': 'None', 'version_check': 'True', 'debug': 'False', 'log_path': 'logs', 'fail_fast': 'False', 'profiles_dir': 'C:\\Users\\Admin\\.dbt', 'use_colors': 'True', 'use_experimental_parser': 'False', 'empty': 'False', 'quiet': 'False', 'no_print': 'None', 'log_format': 'default', 'introspect': 'True', 'warn_error_options': 'WarnErrorOptions(include=[], exclude=[])', 'invocation_command': 'dbt run', 'target_path': 'None', 'static_parser': 'True', 'send_anonymous_usage_stats': 'True'}
[0m14:44:25.865393 [error] [MainThread]: Encountered an error:
Runtime Error
  No dbt_project.yml found at expected path C:\MyLittleDWH\dbt_project.yml
  Verify that each entry within packages.yml (and their transitive dependencies) contains a file named dbt_project.yml
  
[0m14:44:25.866505 [debug] [MainThread]: Command `dbt run` failed at 14:44:25.866399 after 0.14 seconds
[0m14:44:25.866791 [debug] [MainThread]: Sending event: {'category': 'dbt', 'action': 'invocation', 'label': 'end', 'context': [<snowplow_tracker.self_describing_json.SelfDescribingJson object at 0x000001F2448EF360>, <snowplow_tracker.self_describing_json.SelfDescribingJson object at 0x000001F2448D2F90>, <snowplow_tracker.self_describing_json.SelfDescribingJson object at 0x000001F24482FDF0>]}
[0m14:44:25.867080 [debug] [MainThread]: Flushing usage events
[0m14:44:26.650511 [debug] [MainThread]: An error was encountered while trying to flush usage events
