[2026-04-06T11:34:07.901+0000] {manager.py:469} INFO - Processing files using up to 2 processes at a time 
[2026-04-06T11:34:07.903+0000] {manager.py:470} INFO - Process each file at most once every 30 seconds
[2026-04-06T11:34:07.904+0000] {manager.py:471} INFO - Checking for new files in /opt/airflow/dags every 300 seconds
[2026-04-06T11:34:07.905+0000] {manager.py:738} INFO - Searching for files in /opt/airflow/dags
[2026-04-06T11:34:07.924+0000] {manager.py:741} INFO - There are 1 files in /opt/airflow/dags
[2026-04-06T11:34:07.984+0000] {manager.py:879} INFO - 
================================================================================
DAG File Processing Stats

File Path                              PID  Runtime      # DAGs    # Errors  Last Runtime    Last Run
-----------------------------------  -----  ---------  --------  ----------  --------------  ----------
/opt/airflow/dags/dbt_cosmos_dag.py     39  0.02s             0           0
================================================================================
[2026-04-06T11:34:38.175+0000] {manager.py:879} INFO - 
================================================================================
DAG File Processing Stats

File Path                              PID  Runtime      # DAGs    # Errors  Last Runtime    Last Run
-----------------------------------  -----  ---------  --------  ----------  --------------  -------------------
/opt/airflow/dags/dbt_cosmos_dag.py     40  0.01s             0           1  0.09s           2026-04-06T11:34:08
================================================================================
[2026-04-06T11:35:08.399+0000] {manager.py:879} INFO - 
================================================================================
DAG File Processing Stats

File Path                              PID  Runtime      # DAGs    # Errors  Last Runtime    Last Run
-----------------------------------  -----  ---------  --------  ----------  --------------  -------------------
/opt/airflow/dags/dbt_cosmos_dag.py     41  0.00s             0           1  0.10s           2026-04-06T11:34:38
================================================================================
[2026-04-06T11:35:38.612+0000] {manager.py:879} INFO - 
================================================================================
DAG File Processing Stats

File Path                              PID  Runtime      # DAGs    # Errors  Last Runtime    Last Run
-----------------------------------  -----  ---------  --------  ----------  --------------  -------------------
/opt/airflow/dags/dbt_cosmos_dag.py     42  0.00s             0           1  0.07s           2026-04-06T11:35:08
================================================================================
[2026-04-06T11:36:08.825+0000] {manager.py:879} INFO - 
================================================================================
DAG File Processing Stats

File Path                              PID  Runtime      # DAGs    # Errors  Last Runtime    Last Run
-----------------------------------  -----  ---------  --------  ----------  --------------  -------------------
/opt/airflow/dags/dbt_cosmos_dag.py     43  0.00s             0           1  0.09s           2026-04-06T11:35:38
================================================================================
[2026-04-06T11:36:39.072+0000] {manager.py:879} INFO - 
================================================================================
DAG File Processing Stats

File Path                              PID  Runtime      # DAGs    # Errors  Last Runtime    Last Run
-----------------------------------  -----  ---------  --------  ----------  --------------  -------------------
/opt/airflow/dags/dbt_cosmos_dag.py     44  0.00s             0           1  0.08s           2026-04-06T11:36:08
================================================================================
[2026-04-06T11:37:09.249+0000] {manager.py:879} INFO - 
================================================================================
DAG File Processing Stats

File Path                              PID  Runtime      # DAGs    # Errors  Last Runtime    Last Run
-----------------------------------  -----  ---------  --------  ----------  --------------  -------------------
/opt/airflow/dags/dbt_cosmos_dag.py     45  0.01s             0           1  0.07s           2026-04-06T11:36:39
================================================================================
[2026-04-06T11:37:39.505+0000] {manager.py:879} INFO - 
================================================================================
DAG File Processing Stats

File Path                              PID  Runtime      # DAGs    # Errors  Last Runtime    Last Run
-----------------------------------  -----  ---------  --------  ----------  --------------  -------------------
/opt/airflow/dags/dbt_cosmos_dag.py     46  0.00s             0           1  0.11s           2026-04-06T11:37:09
================================================================================
[2026-04-06T11:38:09.685+0000] {manager.py:879} INFO - 
================================================================================
DAG File Processing Stats

File Path                              PID  Runtime      # DAGs    # Errors  Last Runtime    Last Run
-----------------------------------  -----  ---------  --------  ----------  --------------  -------------------
/opt/airflow/dags/dbt_cosmos_dag.py     47  0.01s             0           1  0.07s           2026-04-06T11:37:39
================================================================================
[2026-04-06T11:38:39.887+0000] {manager.py:879} INFO - 
================================================================================
DAG File Processing Stats

File Path                              PID  Runtime      # DAGs    # Errors  Last Runtime    Last Run
-----------------------------------  -----  ---------  --------  ----------  --------------  -------------------
/opt/airflow/dags/dbt_cosmos_dag.py     48  0.00s             0           1  0.16s           2026-04-06T11:38:09
================================================================================
[2026-04-06T11:39:08.014+0000] {manager.py:738} INFO - Searching for files in /opt/airflow/dags
[2026-04-06T11:39:08.035+0000] {manager.py:741} INFO - There are 1 files in /opt/airflow/dags
[2026-04-06T11:39:10.077+0000] {manager.py:879} INFO - 
================================================================================
DAG File Processing Stats

File Path                              PID  Runtime      # DAGs    # Errors  Last Runtime    Last Run
-----------------------------------  -----  ---------  --------  ----------  --------------  -------------------
/opt/airflow/dags/dbt_cosmos_dag.py     49  0.00s             0           1  0.10s           2026-04-06T11:38:39
================================================================================
[2026-04-06T11:39:40.280+0000] {manager.py:879} INFO - 
================================================================================
DAG File Processing Stats

File Path                              PID  Runtime      # DAGs    # Errors  Last Runtime    Last Run
-----------------------------------  -----  ---------  --------  ----------  --------------  -------------------
/opt/airflow/dags/dbt_cosmos_dag.py     50  0.01s             0           1  0.08s           2026-04-06T11:39:10
================================================================================
[2026-04-06T11:40:10.448+0000] {manager.py:879} INFO - 
================================================================================
DAG File Processing Stats

File Path                              PID  Runtime      # DAGs    # Errors  Last Runtime    Last Run
-----------------------------------  -----  ---------  --------  ----------  --------------  -------------------
/opt/airflow/dags/dbt_cosmos_dag.py     51  0.00s             0           1  0.09s           2026-04-06T11:39:40
================================================================================
[2026-04-06T11:40:40.623+0000] {manager.py:879} INFO - 
================================================================================
DAG File Processing Stats

File Path                              PID  Runtime      # DAGs    # Errors  Last Runtime    Last Run
-----------------------------------  -----  ---------  --------  ----------  --------------  -------------------
/opt/airflow/dags/dbt_cosmos_dag.py     52  0.01s             0           1  0.09s           2026-04-06T11:40:10
================================================================================
[2026-04-06T11:40:45.138+0000] {manager.py:451} INFO - Exiting gracefully upon receiving signal 15
[2026-04-06T11:41:20.445+0000] {manager.py:469} INFO - Processing files using up to 2 processes at a time 
[2026-04-06T11:41:20.447+0000] {manager.py:470} INFO - Process each file at most once every 30 seconds
[2026-04-06T11:41:20.449+0000] {manager.py:471} INFO - Checking for new files in /opt/airflow/dags every 300 seconds
[2026-04-06T11:41:20.453+0000] {manager.py:738} INFO - Searching for files in /opt/airflow/dags
[2026-04-06T11:41:20.479+0000] {manager.py:741} INFO - There are 1 files in /opt/airflow/dags
[2026-04-06T11:41:20.551+0000] {manager.py:879} INFO - 
================================================================================
DAG File Processing Stats

File Path                              PID  Runtime      # DAGs    # Errors  Last Runtime    Last Run
-----------------------------------  -----  ---------  --------  ----------  --------------  ----------
/opt/airflow/dags/dbt_cosmos_dag.py     39  0.03s             0           0
================================================================================
[2026-04-06T11:41:50.723+0000] {manager.py:879} INFO - 
================================================================================
DAG File Processing Stats

File Path                              PID  Runtime      # DAGs    # Errors  Last Runtime    Last Run
-----------------------------------  -----  ---------  --------  ----------  --------------  -------------------
/opt/airflow/dags/dbt_cosmos_dag.py     40  0.01s             0           1  0.08s           2026-04-06T11:41:20
================================================================================
[2026-04-06T11:42:20.883+0000] {manager.py:879} INFO - 
================================================================================
DAG File Processing Stats

File Path                              PID  Runtime      # DAGs    # Errors  Last Runtime    Last Run
-----------------------------------  -----  ---------  --------  ----------  --------------  -------------------
/opt/airflow/dags/dbt_cosmos_dag.py     41  0.01s             0           1  0.10s           2026-04-06T11:41:50
================================================================================
[2026-04-06T11:42:51.155+0000] {manager.py:879} INFO - 
================================================================================
DAG File Processing Stats

File Path                              PID  Runtime      # DAGs    # Errors  Last Runtime    Last Run
-----------------------------------  -----  ---------  --------  ----------  --------------  -------------------
/opt/airflow/dags/dbt_cosmos_dag.py     42  0.01s             0           1  0.11s           2026-04-06T11:42:20
================================================================================
[2026-04-06T11:43:21.335+0000] {manager.py:879} INFO - 
================================================================================
DAG File Processing Stats

File Path                              PID  Runtime      # DAGs    # Errors  Last Runtime    Last Run
-----------------------------------  -----  ---------  --------  ----------  --------------  -------------------
/opt/airflow/dags/dbt_cosmos_dag.py     43  0.00s             0           1  0.12s           2026-04-06T11:42:51
================================================================================
[2026-04-06T11:43:51.489+0000] {manager.py:879} INFO - 
================================================================================
DAG File Processing Stats

File Path                              PID  Runtime      # DAGs    # Errors  Last Runtime    Last Run
-----------------------------------  -----  ---------  --------  ----------  --------------  -------------------
/opt/airflow/dags/dbt_cosmos_dag.py     44  0.01s             0           1  0.09s           2026-04-06T11:43:21
================================================================================
[2026-04-06T11:44:21.677+0000] {manager.py:879} INFO - 
================================================================================
DAG File Processing Stats

File Path                              PID  Runtime      # DAGs    # Errors  Last Runtime    Last Run
-----------------------------------  -----  ---------  --------  ----------  --------------  -------------------
/opt/airflow/dags/dbt_cosmos_dag.py     45  0.01s             0           1  0.12s           2026-04-06T11:43:51
================================================================================
[2026-04-06T11:44:51.943+0000] {manager.py:879} INFO - 
================================================================================
DAG File Processing Stats

File Path                              PID  Runtime      # DAGs    # Errors  Last Runtime    Last Run
-----------------------------------  -----  ---------  --------  ----------  --------------  -------------------
/opt/airflow/dags/dbt_cosmos_dag.py     46  0.00s             0           1  0.09s           2026-04-06T11:44:21
================================================================================
[2026-04-06T11:45:22.106+0000] {manager.py:879} INFO - 
================================================================================
DAG File Processing Stats

File Path                              PID  Runtime      # DAGs    # Errors  Last Runtime    Last Run
-----------------------------------  -----  ---------  --------  ----------  --------------  -------------------
/opt/airflow/dags/dbt_cosmos_dag.py     47  0.00s             0           1  0.08s           2026-04-06T11:44:52
================================================================================
[2026-04-06T11:45:52.359+0000] {manager.py:879} INFO - 
================================================================================
DAG File Processing Stats

File Path                              PID  Runtime      # DAGs    # Errors  Last Runtime    Last Run
-----------------------------------  -----  ---------  --------  ----------  --------------  -------------------
/opt/airflow/dags/dbt_cosmos_dag.py     48  0.00s             0           1  0.09s           2026-04-06T11:45:22
================================================================================
[2026-04-06T11:46:20.622+0000] {manager.py:738} INFO - Searching for files in /opt/airflow/dags
[2026-04-06T11:46:20.653+0000] {manager.py:741} INFO - There are 1 files in /opt/airflow/dags
[2026-04-06T11:46:22.611+0000] {manager.py:879} INFO - 
================================================================================
DAG File Processing Stats

File Path                              PID  Runtime      # DAGs    # Errors  Last Runtime    Last Run
-----------------------------------  -----  ---------  --------  ----------  --------------  -------------------
/opt/airflow/dags/dbt_cosmos_dag.py     49  0.01s             0           1  0.10s           2026-04-06T11:45:52
================================================================================
[2026-04-06T11:46:52.806+0000] {manager.py:879} INFO - 
================================================================================
DAG File Processing Stats

File Path                              PID  Runtime      # DAGs    # Errors  Last Runtime    Last Run
-----------------------------------  -----  ---------  --------  ----------  --------------  -------------------
/opt/airflow/dags/dbt_cosmos_dag.py     50  0.01s             0           1  0.08s           2026-04-06T11:46:22
================================================================================
[2026-04-06T11:47:23.002+0000] {manager.py:879} INFO - 
================================================================================
DAG File Processing Stats

File Path                              PID  Runtime      # DAGs    # Errors  Last Runtime    Last Run
-----------------------------------  -----  ---------  --------  ----------  --------------  -------------------
/opt/airflow/dags/dbt_cosmos_dag.py     51  0.00s             0           1  0.10s           2026-04-06T11:46:52
================================================================================
[2026-04-06T11:47:53.157+0000] {manager.py:879} INFO - 
================================================================================
DAG File Processing Stats

File Path                              PID  Runtime      # DAGs    # Errors  Last Runtime    Last Run
-----------------------------------  -----  ---------  --------  ----------  --------------  -------------------
/opt/airflow/dags/dbt_cosmos_dag.py     52  0.00s             0           1  0.08s           2026-04-06T11:47:23
================================================================================
[2026-04-06T11:48:23.411+0000] {manager.py:879} INFO - 
================================================================================
DAG File Processing Stats

File Path                              PID  Runtime      # DAGs    # Errors  Last Runtime    Last Run
-----------------------------------  -----  ---------  --------  ----------  --------------  -------------------
/opt/airflow/dags/dbt_cosmos_dag.py     53  0.00s             0           1  0.07s           2026-04-06T11:47:53
================================================================================
[2026-04-06T11:48:53.583+0000] {manager.py:879} INFO - 
================================================================================
DAG File Processing Stats

File Path                              PID  Runtime      # DAGs    # Errors  Last Runtime    Last Run
-----------------------------------  -----  ---------  --------  ----------  --------------  -------------------
/opt/airflow/dags/dbt_cosmos_dag.py     54  0.00s             0           1  0.07s           2026-04-06T11:48:23
================================================================================
[2026-04-06T11:49:13.004+0000] {manager.py:451} INFO - Exiting gracefully upon receiving signal 15
[2026-04-06T11:49:52.015+0000] {manager.py:469} INFO - Processing files using up to 2 processes at a time 
[2026-04-06T11:49:52.016+0000] {manager.py:470} INFO - Process each file at most once every 30 seconds
[2026-04-06T11:49:52.017+0000] {manager.py:471} INFO - Checking for new files in /opt/airflow/dags every 300 seconds
[2026-04-06T11:49:52.018+0000] {manager.py:738} INFO - Searching for files in /opt/airflow/dags
[2026-04-06T11:49:52.037+0000] {manager.py:741} INFO - There are 1 files in /opt/airflow/dags
[2026-04-06T11:49:52.097+0000] {manager.py:879} INFO - 
================================================================================
DAG File Processing Stats

File Path                              PID  Runtime      # DAGs    # Errors  Last Runtime    Last Run
-----------------------------------  -----  ---------  --------  ----------  --------------  ----------
/opt/airflow/dags/dbt_cosmos_dag.py     39  0.02s             0           0
================================================================================
[2026-04-06T11:50:22.214+0000] {manager.py:879} INFO - 
================================================================================
DAG File Processing Stats

File Path                            PID    Runtime      # DAGs    # Errors  Last Runtime    Last Run
-----------------------------------  -----  ---------  --------  ----------  --------------  -------------------
/opt/airflow/dags/dbt_cosmos_dag.py                           1           0  5.74s           2026-04-06T11:49:57
================================================================================
[2026-04-06T11:50:52.361+0000] {manager.py:879} INFO - 
================================================================================
DAG File Processing Stats

File Path                            PID    Runtime      # DAGs    # Errors  Last Runtime    Last Run
-----------------------------------  -----  ---------  --------  ----------  --------------  -------------------
/opt/airflow/dags/dbt_cosmos_dag.py                           1           0  0.37s           2026-04-06T11:50:28
================================================================================
[2026-04-06T11:51:22.590+0000] {manager.py:879} INFO - 
================================================================================
DAG File Processing Stats

File Path                            PID    Runtime      # DAGs    # Errors  Last Runtime    Last Run
-----------------------------------  -----  ---------  --------  ----------  --------------  -------------------
/opt/airflow/dags/dbt_cosmos_dag.py                           1           0  0.27s           2026-04-06T11:50:58
================================================================================
[2026-04-06T11:51:52.964+0000] {manager.py:879} INFO - 
================================================================================
DAG File Processing Stats

File Path                            PID    Runtime      # DAGs    # Errors  Last Runtime    Last Run
-----------------------------------  -----  ---------  --------  ----------  --------------  -------------------
/opt/airflow/dags/dbt_cosmos_dag.py                           1           0  0.26s           2026-04-06T11:51:29
================================================================================
[2026-04-06T11:52:23.377+0000] {manager.py:879} INFO - 
================================================================================
DAG File Processing Stats

File Path                            PID    Runtime      # DAGs    # Errors  Last Runtime    Last Run
-----------------------------------  -----  ---------  --------  ----------  --------------  -------------------
/opt/airflow/dags/dbt_cosmos_dag.py                           1           0  0.23s           2026-04-06T11:51:59
================================================================================
[2026-04-06T11:52:53.779+0000] {manager.py:879} INFO - 
================================================================================
DAG File Processing Stats

File Path                            PID    Runtime      # DAGs    # Errors  Last Runtime    Last Run
-----------------------------------  -----  ---------  --------  ----------  --------------  -------------------
/opt/airflow/dags/dbt_cosmos_dag.py                           1           0  0.31s           2026-04-06T11:52:29
================================================================================
[2026-04-06T11:53:24.223+0000] {manager.py:879} INFO - 
================================================================================
DAG File Processing Stats

File Path                            PID    Runtime      # DAGs    # Errors  Last Runtime    Last Run
-----------------------------------  -----  ---------  --------  ----------  --------------  -------------------
/opt/airflow/dags/dbt_cosmos_dag.py                           1           0  0.25s           2026-04-06T11:53:00
================================================================================
[2026-04-06T11:53:54.635+0000] {manager.py:879} INFO - 
================================================================================
DAG File Processing Stats

File Path                            PID    Runtime      # DAGs    # Errors  Last Runtime    Last Run
-----------------------------------  -----  ---------  --------  ----------  --------------  -------------------
/opt/airflow/dags/dbt_cosmos_dag.py                           1           0  0.25s           2026-04-06T11:53:30
================================================================================
[2026-04-06T11:54:25.136+0000] {manager.py:879} INFO - 
================================================================================
DAG File Processing Stats

File Path                            PID    Runtime      # DAGs    # Errors  Last Runtime    Last Run
-----------------------------------  -----  ---------  --------  ----------  --------------  -------------------
/opt/airflow/dags/dbt_cosmos_dag.py                           1           0  0.26s           2026-04-06T11:54:01
================================================================================
[2026-04-06T11:54:52.426+0000] {manager.py:738} INFO - Searching for files in /opt/airflow/dags
[2026-04-06T11:54:52.469+0000] {manager.py:741} INFO - There are 1 files in /opt/airflow/dags
[2026-04-06T11:54:55.509+0000] {manager.py:879} INFO - 
================================================================================
DAG File Processing Stats

File Path                            PID    Runtime      # DAGs    # Errors  Last Runtime    Last Run
-----------------------------------  -----  ---------  --------  ----------  --------------  -------------------
/opt/airflow/dags/dbt_cosmos_dag.py                           1           0  0.28s           2026-04-06T11:54:31
================================================================================
[2026-04-06T11:55:25.956+0000] {manager.py:879} INFO - 
================================================================================
DAG File Processing Stats

File Path                            PID    Runtime      # DAGs    # Errors  Last Runtime    Last Run
-----------------------------------  -----  ---------  --------  ----------  --------------  -------------------
/opt/airflow/dags/dbt_cosmos_dag.py                           1           0  0.27s           2026-04-06T11:55:02
================================================================================
[2026-04-06T11:55:56.400+0000] {manager.py:879} INFO - 
================================================================================
DAG File Processing Stats

File Path                            PID    Runtime      # DAGs    # Errors  Last Runtime    Last Run
-----------------------------------  -----  ---------  --------  ----------  --------------  -------------------
/opt/airflow/dags/dbt_cosmos_dag.py                           1           0  0.24s           2026-04-06T11:55:32
================================================================================
[2026-04-06T11:56:26.801+0000] {manager.py:879} INFO - 
================================================================================
DAG File Processing Stats

File Path                            PID    Runtime      # DAGs    # Errors  Last Runtime    Last Run
-----------------------------------  -----  ---------  --------  ----------  --------------  -------------------
/opt/airflow/dags/dbt_cosmos_dag.py                           1           0  0.24s           2026-04-06T11:56:02
================================================================================
[2026-04-06T11:56:57.199+0000] {manager.py:879} INFO - 
================================================================================
DAG File Processing Stats

File Path                            PID    Runtime      # DAGs    # Errors  Last Runtime    Last Run
-----------------------------------  -----  ---------  --------  ----------  --------------  -------------------
/opt/airflow/dags/dbt_cosmos_dag.py                           1           0  0.24s           2026-04-06T11:56:33
================================================================================
[2026-04-06T11:57:27.632+0000] {manager.py:879} INFO - 
================================================================================
DAG File Processing Stats

File Path                            PID    Runtime      # DAGs    # Errors  Last Runtime    Last Run
-----------------------------------  -----  ---------  --------  ----------  --------------  -------------------
/opt/airflow/dags/dbt_cosmos_dag.py                           1           0  0.23s           2026-04-06T11:57:03
================================================================================
[2026-04-06T11:57:57.984+0000] {manager.py:879} INFO - 
================================================================================
DAG File Processing Stats

File Path                            PID    Runtime      # DAGs    # Errors  Last Runtime    Last Run
-----------------------------------  -----  ---------  --------  ----------  --------------  -------------------
/opt/airflow/dags/dbt_cosmos_dag.py                           1           0  0.29s           2026-04-06T11:57:34
================================================================================
[2026-04-06T11:58:28.449+0000] {manager.py:879} INFO - 
================================================================================
DAG File Processing Stats

File Path                            PID    Runtime      # DAGs    # Errors  Last Runtime    Last Run
-----------------------------------  -----  ---------  --------  ----------  --------------  -------------------
/opt/airflow/dags/dbt_cosmos_dag.py                           1           0  0.25s           2026-04-06T11:58:04
================================================================================
[2026-04-06T11:58:58.790+0000] {manager.py:879} INFO - 
================================================================================
DAG File Processing Stats

File Path                            PID    Runtime      # DAGs    # Errors  Last Runtime    Last Run
-----------------------------------  -----  ---------  --------  ----------  --------------  -------------------
/opt/airflow/dags/dbt_cosmos_dag.py                           1           0  0.35s           2026-04-06T11:58:35
================================================================================
[2026-04-06T11:59:29.289+0000] {manager.py:879} INFO - 
================================================================================
DAG File Processing Stats

File Path                            PID    Runtime      # DAGs    # Errors  Last Runtime    Last Run
-----------------------------------  -----  ---------  --------  ----------  --------------  -------------------
/opt/airflow/dags/dbt_cosmos_dag.py                           1           0  5.28s           2026-04-06T11:59:10
================================================================================
[2026-04-06T11:59:52.663+0000] {manager.py:738} INFO - Searching for files in /opt/airflow/dags
[2026-04-06T11:59:52.691+0000] {manager.py:741} INFO - There are 1 files in /opt/airflow/dags
[2026-04-06T11:59:59.766+0000] {manager.py:879} INFO - 
================================================================================
DAG File Processing Stats

File Path                            PID    Runtime      # DAGs    # Errors  Last Runtime    Last Run
-----------------------------------  -----  ---------  --------  ----------  --------------  -------------------
/opt/airflow/dags/dbt_cosmos_dag.py                           1           0  0.27s           2026-04-06T11:59:40
================================================================================
[2026-04-06T12:00:30.222+0000] {manager.py:879} INFO - 
================================================================================
DAG File Processing Stats

File Path                            PID    Runtime      # DAGs    # Errors  Last Runtime    Last Run
-----------------------------------  -----  ---------  --------  ----------  --------------  -------------------
/opt/airflow/dags/dbt_cosmos_dag.py                           1           0  0.29s           2026-04-06T12:00:11
================================================================================
[2026-04-06T12:01:00.646+0000] {manager.py:879} INFO - 
================================================================================
DAG File Processing Stats

File Path                            PID    Runtime      # DAGs    # Errors  Last Runtime    Last Run
-----------------------------------  -----  ---------  --------  ----------  --------------  -------------------
/opt/airflow/dags/dbt_cosmos_dag.py                           1           0  0.44s           2026-04-06T12:00:42
================================================================================
[2026-04-06T12:01:30.557+0000] {manager.py:879} INFO - 
================================================================================
DAG File Processing Stats

File Path                            PID    Runtime      # DAGs    # Errors  Last Runtime    Last Run
-----------------------------------  -----  ---------  --------  ----------  --------------  -------------------
/opt/airflow/dags/dbt_cosmos_dag.py                           1           0  0.25s           2026-04-06T12:01:12
================================================================================
[2026-04-06T12:02:00.736+0000] {manager.py:879} INFO - 
================================================================================
DAG File Processing Stats

File Path                            PID    Runtime      # DAGs    # Errors  Last Runtime    Last Run
-----------------------------------  -----  ---------  --------  ----------  --------------  -------------------
/opt/airflow/dags/dbt_cosmos_dag.py                           1           0  0.29s           2026-04-06T12:01:42
================================================================================
[2026-04-06T12:02:31.195+0000] {manager.py:879} INFO - 
================================================================================
DAG File Processing Stats

File Path                            PID    Runtime      # DAGs    # Errors  Last Runtime    Last Run
-----------------------------------  -----  ---------  --------  ----------  --------------  -------------------
/opt/airflow/dags/dbt_cosmos_dag.py                           1           0  0.25s           2026-04-06T12:02:13
================================================================================
[2026-04-06T12:03:01.617+0000] {manager.py:879} INFO - 
================================================================================
DAG File Processing Stats

File Path                            PID    Runtime      # DAGs    # Errors  Last Runtime    Last Run
-----------------------------------  -----  ---------  --------  ----------  --------------  -------------------
/opt/airflow/dags/dbt_cosmos_dag.py                           1           0  5.19s           2026-04-06T12:02:48
================================================================================
[2026-04-06T12:03:32.086+0000] {manager.py:879} INFO - 
================================================================================
DAG File Processing Stats

File Path                            PID    Runtime      # DAGs    # Errors  Last Runtime    Last Run
-----------------------------------  -----  ---------  --------  ----------  --------------  -------------------
/opt/airflow/dags/dbt_cosmos_dag.py                           1           0  0.24s           2026-04-06T12:03:19
================================================================================
[2026-04-06T12:04:02.497+0000] {manager.py:879} INFO - 
================================================================================
DAG File Processing Stats

File Path                            PID    Runtime      # DAGs    # Errors  Last Runtime    Last Run
-----------------------------------  -----  ---------  --------  ----------  --------------  -------------------
/opt/airflow/dags/dbt_cosmos_dag.py                           1           0  0.23s           2026-04-06T12:03:49
================================================================================
[2026-04-06T12:04:32.905+0000] {manager.py:879} INFO - 
================================================================================
DAG File Processing Stats

File Path                            PID    Runtime      # DAGs    # Errors  Last Runtime    Last Run
-----------------------------------  -----  ---------  --------  ----------  --------------  -------------------
/opt/airflow/dags/dbt_cosmos_dag.py                           1           0  0.23s           2026-04-06T12:04:20
================================================================================
[2026-04-06T12:04:53.188+0000] {manager.py:738} INFO - Searching for files in /opt/airflow/dags
[2026-04-06T12:04:53.211+0000] {manager.py:741} INFO - There are 1 files in /opt/airflow/dags
[2026-04-06T12:05:03.319+0000] {manager.py:879} INFO - 
================================================================================
DAG File Processing Stats

File Path                            PID    Runtime      # DAGs    # Errors  Last Runtime    Last Run
-----------------------------------  -----  ---------  --------  ----------  --------------  -------------------
/opt/airflow/dags/dbt_cosmos_dag.py                           1           0  0.28s           2026-04-06T12:04:50
================================================================================
[2026-04-06T12:05:33.744+0000] {manager.py:879} INFO - 
================================================================================
DAG File Processing Stats

File Path                            PID    Runtime      # DAGs    # Errors  Last Runtime    Last Run
-----------------------------------  -----  ---------  --------  ----------  --------------  -------------------
/opt/airflow/dags/dbt_cosmos_dag.py                           1           0  0.29s           2026-04-06T12:05:20
================================================================================
[2026-04-06T12:06:04.232+0000] {manager.py:879} INFO - 
================================================================================
DAG File Processing Stats

File Path                            PID    Runtime      # DAGs    # Errors  Last Runtime    Last Run
-----------------------------------  -----  ---------  --------  ----------  --------------  -------------------
/opt/airflow/dags/dbt_cosmos_dag.py                           1           0  0.24s           2026-04-06T12:05:51
================================================================================
[2026-04-06T12:06:34.156+0000] {manager.py:879} INFO - 
================================================================================
DAG File Processing Stats

File Path                            PID    Runtime      # DAGs    # Errors  Last Runtime    Last Run
-----------------------------------  -----  ---------  --------  ----------  --------------  -------------------
/opt/airflow/dags/dbt_cosmos_dag.py                           1           0  4.57s           2026-04-06T12:06:26
================================================================================
